Unity/My project/Library/Bee/Android/Prj/IL2CPP/Gradle/unityLibrary/build/intermediates/manifest_merge_blame_file/release/manifest-merger-blame-release-report.txt
1<?xml version="1.0" encoding="utf-8"?>
2<manifest xmlns:android="http://schemas.android.com/apk/res/android"
3    xmlns:tools="http://schemas.android.com/tools"
4    package="com.unity3d.player"
5    android:installLocation="preferExternal" >
6
7    <uses-sdk
7-->src\main\AndroidManifest.xml:24:3-61
8        android:minSdkVersion="31"
8-->src\main\AndroidManifest.xml:24:3-61
9        tools:overrideLibrary="com.nreal.glasses_sdk" />
9-->src\main\AndroidManifest.xml:24:13-58
10
11    <uses-permission android:name="android.permission.BLUETOOTH" />
11-->src\main\AndroidManifest.xml:3:3-66
11-->src\main\AndroidManifest.xml:3:20-63
12    <uses-permission android:name="android.permission.VIBRATE" />
12-->src\main\AndroidManifest.xml:4:3-64
12-->src\main\AndroidManifest.xml:4:20-61
13    <uses-permission android:name="android.permission.WRITE_EXTERNAL_STORAGE" />
13-->src\main\AndroidManifest.xml:5:3-79
13-->src\main\AndroidManifest.xml:5:20-76
14
15    <uses-feature android:glEsVersion="0x00030000" />
15-->src\main\AndroidManifest.xml:6:3-52
15-->src\main\AndroidManifest.xml:6:17-49
16    <uses-feature
16-->src\main\AndroidManifest.xml:7:3-88
17        android:name="android.hardware.touchscreen"
17-->src\main\AndroidManifest.xml:7:17-60
18        android:required="false" />
18-->src\main\AndroidManifest.xml:7:61-85
19    <uses-feature
19-->src\main\AndroidManifest.xml:8:3-99
20        android:name="android.hardware.touchscreen.multitouch"
20-->src\main\AndroidManifest.xml:8:17-71
21        android:required="false" />
21-->src\main\AndroidManifest.xml:8:72-96
22    <uses-feature
22-->src\main\AndroidManifest.xml:9:3-108
23        android:name="android.hardware.touchscreen.multitouch.distinct"
23-->src\main\AndroidManifest.xml:9:17-80
24        android:required="false" />
24-->src\main\AndroidManifest.xml:9:81-105
25
26    <supports-screens
26-->src\main\AndroidManifest.xml:23:3-163
27        android:anyDensity="true"
27-->src\main\AndroidManifest.xml:23:135-160
28        android:largeScreens="true"
28-->src\main\AndroidManifest.xml:23:78-105
29        android:normalScreens="true"
29-->src\main\AndroidManifest.xml:23:49-77
30        android:smallScreens="true"
30-->src\main\AndroidManifest.xml:23:21-48
31        android:xlargeScreens="true" />
31-->src\main\AndroidManifest.xml:23:106-134
32
33    <application
33-->src\main\AndroidManifest.xml:10:3-22:17
34        android:extractNativeLibs="true"
34-->src\main\AndroidManifest.xml:10:123-155
35        android:icon="@mipmap/app_icon"
35-->src\main\AndroidManifest.xml:10:58-89
36        android:label="@string/app_name"
36-->src\main\AndroidManifest.xml:10:90-122
37        android:theme="@style/UnityThemeSelector" >
37-->src\main\AndroidManifest.xml:10:16-57
38        <meta-data
38-->src\main\AndroidManifest.xml:11:5-64
39            android:name="nreal_sdk"
39-->src\main\AndroidManifest.xml:11:16-40
40            android:value="true" />
40-->src\main\AndroidManifest.xml:11:41-61
41        <meta-data
41-->src\main\AndroidManifest.xml:12:5-98
42            android:name="com.nreal.supportDevices"
42-->src\main\AndroidManifest.xml:12:16-55
43            android:value="1|NrealLight|2|NrealAir" />
43-->src\main\AndroidManifest.xml:12:56-95
44        <meta-data
44-->src\main\AndroidManifest.xml:13:5-69
45            android:name="unity.splash-mode"
45-->src\main\AndroidManifest.xml:13:16-48
46            android:value="0" />
46-->src\main\AndroidManifest.xml:13:49-66
47        <meta-data
47-->src\main\AndroidManifest.xml:14:5-74
48            android:name="unity.splash-enable"
48-->src\main\AndroidManifest.xml:14:16-50
49            android:value="True" />
49-->src\main\AndroidManifest.xml:14:51-71
50        <meta-data
50-->src\main\AndroidManifest.xml:15:5-78
51            android:name="unity.launch-fullscreen"
51-->src\main\AndroidManifest.xml:15:16-54
52            android:value="True" />
52-->src\main\AndroidManifest.xml:15:55-75
53        <meta-data
53-->src\main\AndroidManifest.xml:16:5-84
54            android:name="unity.render-outside-safearea"
54-->src\main\AndroidManifest.xml:16:16-60
55            android:value="True" />
55-->src\main\AndroidManifest.xml:16:61-81
56        <meta-data
56-->src\main\AndroidManifest.xml:17:5-81
57            android:name="notch.config"
57-->src\main\AndroidManifest.xml:17:16-43
58            android:value="portrait|landscape" />
58-->src\main\AndroidManifest.xml:17:44-78
59        <meta-data
59-->src\main\AndroidManifest.xml:18:5-84
60            android:name="unity.auto-report-fully-drawn"
60-->src\main\AndroidManifest.xml:18:16-60
61            android:value="true" />
61-->src\main\AndroidManifest.xml:18:61-81
62
63        <activity
63-->src\main\AndroidManifest.xml:19:5-21:16
64            android:name="com.unity3d.player.UnityPlayerActivity"
64-->src\main\AndroidManifest.xml:19:15-68
65            android:configChanges="mcc|mnc|locale|touchscreen|keyboard|keyboardHidden|navigation|orientation|screenLayout|uiMode|screenSize|smallestScreenSize|fontScale|layoutDirection|density"
65-->src\main\AndroidManifest.xml:19:138-319
66            android:exported="true"
66-->src\main\AndroidManifest.xml:19:391-414
67            android:hardwareAccelerated="false"
67-->src\main\AndroidManifest.xml:19:355-390
68            android:launchMode="singleTask"
68-->src\main\AndroidManifest.xml:19:106-137
69            android:resizeableActivity="false"
69-->src\main\AndroidManifest.xml:19:320-354
70            android:screenOrientation="portrait" >
70-->src\main\AndroidManifest.xml:19:69-105
71            <meta-data
71-->src\main\AndroidManifest.xml:20:7-82
72                android:name="unityplayer.UnityActivity"
72-->src\main\AndroidManifest.xml:20:18-58
73                android:value="true" />
73-->src\main\AndroidManifest.xml:20:59-79
74        </activity>
75    </application>
76
77</manifest>